15:43:01.049 [main] INFO  cucumber.hooks.DriverInstance - Checking EMI_Calculator Elements displayed or not
15:43:04.466 [main] INFO  cucumber.hooks.DriverInstance - Year And Month verified
16:07:42.751 [main] INFO  cucumber.hooks.DriverInstance - Web Page opens
16:07:42.819 [main] INFO  cucumber.hooks.DriverInstance - Tapping CarLoan option
16:07:43.205 [main] INFO  cucumber.hooks.DriverInstance - Entering car loan value
16:07:43.507 [main] INFO  cucumber.hooks.DriverInstance - Entering Interest
16:07:43.846 [main] INFO  cucumber.hooks.DriverInstance - Entering Tenure
16:07:44.346 [main] INFO  cucumber.hooks.DriverInstance - Capturing interest and principle amount for first month
16:09:50.263 [main] INFO  cucumber.hooks.DriverInstance - Web Page opens
16:09:50.267 [main] INFO  cucumber.hooks.DriverInstance - valildating HomeLoan
16:11:57.690 [main] INFO  cucumber.hooks.DriverInstance - writing the values in the sheets
16:14:03.297 [main] INFO  cucumber.hooks.DriverInstance - Web Page opens
16:40:36.585 [main] INFO  cucumber.hooks.DriverInstance - Web Page opens
16:40:36.643 [main] INFO  cucumber.hooks.DriverInstance - Tapping CarLoan option
16:40:37.111 [main] INFO  cucumber.hooks.DriverInstance - Entering car loan value
16:40:37.487 [main] INFO  cucumber.hooks.DriverInstance - Entering Interest
16:40:37.846 [main] INFO  cucumber.hooks.DriverInstance - Entering Tenure
16:40:38.284 [main] INFO  cucumber.hooks.DriverInstance - Capturing interest and principle amount for first month
16:42:45.446 [main] INFO  cucumber.hooks.DriverInstance - Web Page opens
16:42:45.451 [main] INFO  cucumber.hooks.DriverInstance - valildating HomeLoan
16:44:52.450 [main] INFO  cucumber.hooks.DriverInstance - writing the values in the sheets
16:46:56.703 [main] INFO  cucumber.hooks.DriverInstance - Web Page opens
16:48:52.689 [main] INFO  cucumber.hooks.DriverInstance - Checking EMI_Calculator Elements displayed or not
16:48:55.119 [main] INFO  cucumber.hooks.DriverInstance - Year And Month verified
16:50:50.946 [main] INFO  cucumber.hooks.DriverInstance - Checking LoanAmount Elements displayed or not
16:50:53.373 [main] INFO  cucumber.hooks.DriverInstance - Year And Month verified
16:52:49.254 [main] INFO  cucumber.hooks.DriverInstance - Checking LoanTenure Elements displayed or not
17:32:30.236 [TestNG-PoolService-0] INFO  cucumber.hooks.DriverInstance - Web Page opens
17:32:30.246 [TestNG-PoolService-0] INFO  cucumber.hooks.DriverInstance - Tapping CarLoan option
17:35:40.358 [main] INFO  cucumber.hooks.DriverInstance - Web Page opens
17:35:40.376 [main] INFO  cucumber.hooks.DriverInstance - Tapping CarLoan option
17:35:40.750 [main] INFO  cucumber.hooks.DriverInstance - Entering car loan value
17:35:41.115 [main] INFO  cucumber.hooks.DriverInstance - Entering Interest
17:35:41.451 [main] INFO  cucumber.hooks.DriverInstance - Entering Tenure
17:35:41.791 [main] INFO  cucumber.hooks.DriverInstance - Capturing interest and principle amount for first month
17:36:00.201 [main] INFO  cucumber.hooks.DriverInstance - Web Page opens
17:36:00.202 [main] INFO  cucumber.hooks.DriverInstance - valildating HomeLoan
17:36:08.316 [main] INFO  cucumber.hooks.DriverInstance - writing the values in the sheets
17:36:52.300 [main] INFO  cucumber.hooks.DriverInstance - Web Page opens
17:36:55.082 [main] INFO  cucumber.hooks.DriverInstance - Checking EMI_Calculator Elements displayed or not
17:36:56.764 [main] INFO  cucumber.hooks.DriverInstance - Year And Month verified
17:36:57.783 [main] INFO  cucumber.hooks.DriverInstance - Checking LoanAmount Elements displayed or not
17:36:59.193 [main] INFO  cucumber.hooks.DriverInstance - Year And Month verified
17:37:00.215 [main] INFO  cucumber.hooks.DriverInstance - Checking LoanTenure Elements displayed or not
17:44:02.208 [main] INFO  cucumber.hooks.DriverInstance - Web Page opens
17:44:02.247 [main] INFO  cucumber.hooks.DriverInstance - Tapping CarLoan option
17:44:02.605 [main] INFO  cucumber.hooks.DriverInstance - Entering car loan value
17:44:03.016 [main] INFO  cucumber.hooks.DriverInstance - Entering Interest
17:44:03.433 [main] INFO  cucumber.hooks.DriverInstance - Entering Tenure
17:44:03.875 [main] INFO  cucumber.hooks.DriverInstance - Capturing interest and principle amount for first month
17:44:52.457 [main] INFO  cucumber.hooks.DriverInstance - Web Page opens
17:44:52.458 [main] INFO  cucumber.hooks.DriverInstance - valildating HomeLoan
17:45:30.413 [main] INFO  cucumber.hooks.DriverInstance - writing the values in the sheets
17:46:14.992 [main] INFO  cucumber.hooks.DriverInstance - Web Page opens
17:46:16.593 [main] INFO  cucumber.hooks.DriverInstance - Checking EMI_Calculator Elements displayed or not
17:46:18.639 [main] INFO  cucumber.hooks.DriverInstance - Year And Month verified
17:46:19.594 [main] INFO  cucumber.hooks.DriverInstance - Checking LoanAmount Elements displayed or not
17:46:21.248 [main] INFO  cucumber.hooks.DriverInstance - Year And Month verified
