12:38:15.555 [main] INFO  cucumber.hooks.DriverInstance - Tapping CarLoan option
12:38:15.607 [main] INFO  cucumber.hooks.DriverInstance - valildating HomeLoan
12:40:09.226 [main] INFO  cucumber.hooks.DriverInstance - Tapping CarLoan option
12:40:09.268 [main] INFO  cucumber.hooks.DriverInstance - valildating HomeLoan
12:40:41.266 [main] INFO  cucumber.hooks.DriverInstance - Web Page opens
12:40:41.289 [main] INFO  cucumber.hooks.DriverInstance - Tapping CarLoan option
12:40:41.653 [main] INFO  cucumber.hooks.DriverInstance - Entering car loan value
12:40:41.978 [main] INFO  cucumber.hooks.DriverInstance - Entering Interest
12:40:42.288 [main] INFO  cucumber.hooks.DriverInstance - Entering Tenure
12:40:42.632 [main] INFO  cucumber.hooks.DriverInstance - Capturing interest and principle amount for first month
12:40:59.005 [main] INFO  cucumber.hooks.DriverInstance - Web Page opens
12:40:59.009 [main] INFO  cucumber.hooks.DriverInstance - valildating HomeLoan
12:41:06.671 [main] INFO  cucumber.hooks.DriverInstance - writing the values in the sheets
12:41:22.677 [main] INFO  cucumber.hooks.DriverInstance - Web Page opens
12:41:23.693 [main] INFO  cucumber.hooks.DriverInstance - Checking EMI_Calculator Elements displayed or not
12:41:24.996 [main] INFO  cucumber.hooks.DriverInstance - Year And Month verified
12:41:25.743 [main] INFO  cucumber.hooks.DriverInstance - Checking LoanAmount Elements displayed or not
12:41:27.254 [main] INFO  cucumber.hooks.DriverInstance - Year And Month verified
12:41:28.255 [main] INFO  cucumber.hooks.DriverInstance - Checking LoanTenure Elements displayed or not
12:42:45.357 [TestNG-PoolService-0] INFO  cucumber.hooks.DriverInstance - Web Page opens
12:42:45.365 [TestNG-PoolService-0] INFO  cucumber.hooks.DriverInstance - Tapping CarLoan option
12:44:36.892 [main] INFO  cucumber.hooks.DriverInstance - Web Page opens
12:44:36.930 [main] INFO  cucumber.hooks.DriverInstance - Tapping CarLoan option
12:44:37.331 [main] INFO  cucumber.hooks.DriverInstance - Entering car loan value
12:44:37.755 [main] INFO  cucumber.hooks.DriverInstance - Entering Interest
12:44:38.120 [main] INFO  cucumber.hooks.DriverInstance - Entering Tenure
12:44:38.471 [main] INFO  cucumber.hooks.DriverInstance - Capturing interest and principle amount for first month
12:44:58.693 [main] INFO  cucumber.hooks.DriverInstance - Web Page opens
12:44:58.695 [main] INFO  cucumber.hooks.DriverInstance - valildating HomeLoan
12:45:09.416 [main] INFO  cucumber.hooks.DriverInstance - writing the values in the sheets
12:45:24.431 [main] INFO  cucumber.hooks.DriverInstance - Web Page opens
12:45:27.949 [main] INFO  cucumber.hooks.DriverInstance - Checking EMI_Calculator Elements displayed or not
12:45:29.507 [main] INFO  cucumber.hooks.DriverInstance - Year And Month verified
12:45:30.286 [main] INFO  cucumber.hooks.DriverInstance - Checking LoanAmount Elements displayed or not
12:45:31.775 [main] INFO  cucumber.hooks.DriverInstance - Year And Month verified
12:45:33.496 [main] INFO  cucumber.hooks.DriverInstance - Checking LoanTenure Elements displayed or not
12:47:06.486 [main] INFO  cucumber.hooks.DriverInstance - Web Page opens
12:47:06.510 [main] INFO  cucumber.hooks.DriverInstance - Tapping CarLoan option
12:47:06.922 [main] INFO  cucumber.hooks.DriverInstance - Entering car loan value
12:47:07.353 [main] INFO  cucumber.hooks.DriverInstance - Entering Interest
12:47:07.683 [main] INFO  cucumber.hooks.DriverInstance - Entering Tenure
12:47:08.085 [main] INFO  cucumber.hooks.DriverInstance - Capturing interest and principle amount for first month
12:47:26.052 [main] INFO  cucumber.hooks.DriverInstance - Web Page opens
12:47:26.054 [main] INFO  cucumber.hooks.DriverInstance - valildating HomeLoan
12:47:33.757 [main] INFO  cucumber.hooks.DriverInstance - writing the values in the sheets
12:47:48.204 [main] INFO  cucumber.hooks.DriverInstance - Web Page opens
12:47:49.293 [main] INFO  cucumber.hooks.DriverInstance - Checking EMI_Calculator Elements displayed or not
12:47:50.735 [main] INFO  cucumber.hooks.DriverInstance - Year And Month verified
12:47:51.474 [main] INFO  cucumber.hooks.DriverInstance - Checking LoanAmount Elements displayed or not
12:47:52.966 [main] INFO  cucumber.hooks.DriverInstance - Year And Month verified
12:47:53.830 [main] INFO  cucumber.hooks.DriverInstance - Checking LoanTenure Elements displayed or not
14:19:55.024 [main] INFO  cucumber.hooks.DriverInstance - Web Page opens
14:19:55.051 [main] INFO  cucumber.hooks.DriverInstance - Tapping CarLoan option
14:19:55.519 [main] INFO  cucumber.hooks.DriverInstance - Entering car loan value
14:19:55.858 [main] INFO  cucumber.hooks.DriverInstance - Entering Interest
14:19:56.271 [main] INFO  cucumber.hooks.DriverInstance - Entering Tenure
14:19:56.659 [main] INFO  cucumber.hooks.DriverInstance - Capturing interest and principle amount for first month
14:20:20.026 [main] INFO  cucumber.hooks.DriverInstance - Web Page opens
